This is pdfTeX, Version 3.14159265-2.6-1.40.21 (MiKTeX 2.9.7400 64-bit) (preloaded format=pdflatex 2020.4.22)  30 JUN 2020 14:19
entering extended mode
**./commentsJan4.tex
(commentsJan4.tex
LaTeX2e <2020-02-02> patch level 5
L3 programming layer <2020-04-06>
("C:\Users\thecs\AppData\Local\Programs\MiKTeX 2.9\tex/latex/base\article.cls"
Document Class: article 2019/12/20 v1.4l Standard LaTeX document class
("C:\Users\thecs\AppData\Local\Programs\MiKTeX 2.9\tex/latex/base\size12.clo"
File: size12.clo 2019/12/20 v1.4l Standard LaTeX file (size option)
)
\c@part=\count167
\c@section=\count168
\c@subsection=\count169
\c@subsubsection=\count170
\c@paragraph=\count171
\c@subparagraph=\count172
\c@figure=\count173
\c@table=\count174
\abovecaptionskip=\skip47
\belowcaptionskip=\skip48
\bibindent=\dimen134
) (commandspreamble.tex
("C:\Users\thecs\AppData\Local\Programs\MiKTeX 2.9\tex/latex/hyperref\hyperref.
sty"
Package: hyperref 2020/01/14 v7.00d Hypertext links for LaTeX

("C:\Users\thecs\AppData\Local\Programs\MiKTeX 2.9\tex/generic/ltxcmds\ltxcmds.
sty"
Package: ltxcmds 2019/12/15 v1.24 LaTeX kernel commands for general use (HO)
)
("C:\Users\thecs\AppData\Local\Programs\MiKTeX 2.9\tex/generic/iftex\iftex.sty"
Package: iftex 2020/03/06 v1.0d TeX engine tests
)
("C:\Users\thecs\AppData\Local\Programs\MiKTeX 2.9\tex/latex/pdftexcmds\pdftexc
mds.sty"
Package: pdftexcmds 2019/11/24 v0.31 Utility functions of pdfTeX for LuaTeX (HO
)

("C:\Users\thecs\AppData\Local\Programs\MiKTeX 2.9\tex/generic/infwarerr\infwar
err.sty"
Package: infwarerr 2019/12/03 v1.5 Providing info/warning/error messages (HO)
)
Package pdftexcmds Info: \pdf@primitive is available.
Package pdftexcmds Info: \pdf@ifprimitive is available.
Package pdftexcmds Info: \pdfdraftmode found.
)
("C:\Users\thecs\AppData\Local\Programs\MiKTeX 2.9\tex/latex/graphics\keyval.st
y"
Package: keyval 2014/10/28 v1.15 key=value parser (DPC)
\KV@toks@=\toks15
)
("C:\Users\thecs\AppData\Local\Programs\MiKTeX 2.9\tex/generic/kvsetkeys\kvsetk
eys.sty"
Package: kvsetkeys 2019/12/15 v1.18 Key value parser (HO)
)
("C:\Users\thecs\AppData\Local\Programs\MiKTeX 2.9\tex/generic/kvdefinekeys\kvd
efinekeys.sty"
Package: kvdefinekeys 2019-12-19 v1.6 Define keys (HO)
)
("C:\Users\thecs\AppData\Local\Programs\MiKTeX 2.9\tex/generic/pdfescape\pdfesc
ape.sty"
Package: pdfescape 2019/12/09 v1.15 Implements pdfTeX's escape features (HO)
)
("C:\Users\thecs\AppData\Local\Programs\MiKTeX 2.9\tex/latex/hycolor\hycolor.st
y"
Package: hycolor 2020-01-27 v1.10 Color options for hyperref/bookmark (HO)
)
("C:\Users\thecs\AppData\Local\Programs\MiKTeX 2.9\tex/latex/letltxmacro\letltx
macro.sty"
Package: letltxmacro 2019/12/03 v1.6 Let assignment for LaTeX macros (HO)
)
("C:\Users\thecs\AppData\Local\Programs\MiKTeX 2.9\tex/latex/auxhook\auxhook.st
y"
Package: auxhook 2019-12-17 v1.6 Hooks for auxiliary files (HO)
)
("C:\Users\thecs\AppData\Local\Programs\MiKTeX 2.9\tex/latex/kvoptions\kvoption
s.sty"
Package: kvoptions 2019/11/29 v3.13 Key value format for package options (HO)
)
\@linkdim=\dimen135
\Hy@linkcounter=\count175
\Hy@pagecounter=\count176

("C:\Users\thecs\AppData\Local\Programs\MiKTeX 2.9\tex/latex/hyperref\pd1enc.de
f"
File: pd1enc.def 2020/01/14 v7.00d Hyperref: PDFDocEncoding definition (HO)
Now handling font encoding PD1 ...
... no UTF-8 mapping file for font encoding PD1
)
("C:\Users\thecs\AppData\Local\Programs\MiKTeX 2.9\tex/generic/intcalc\intcalc.
sty"
Package: intcalc 2019/12/15 v1.3 Expandable calculations with integers (HO)
)
("C:\Users\thecs\AppData\Local\Programs\MiKTeX 2.9\tex/generic/etexcmds\etexcmd
s.sty"
Package: etexcmds 2019/12/15 v1.7 Avoid name clashes with e-TeX commands (HO)
)
\Hy@SavedSpaceFactor=\count177
Package hyperref Info: Option `colorlinks' set `true' on input line 4421.
Package hyperref Info: Hyper figures OFF on input line 4547.
Package hyperref Info: Link nesting OFF on input line 4552.
Package hyperref Info: Hyper index ON on input line 4555.
Package hyperref Info: Plain pages OFF on input line 4562.
Package hyperref Info: Backreferencing OFF on input line 4567.
Package hyperref Info: Implicit mode ON; LaTeX internals redefined.
Package hyperref Info: Bookmarks ON on input line 4800.
\c@Hy@tempcnt=\count178
 ("C:\Users\thecs\AppData\Local\Programs\MiKTeX 2.9\tex/latex/url\url.sty"
\Urlmuskip=\muskip16
Package: url 2013/09/16  ver 3.4  Verb mode for urls, etc.
)
LaTeX Info: Redefining \url on input line 5159.
\XeTeXLinkMargin=\dimen136

("C:\Users\thecs\AppData\Local\Programs\MiKTeX 2.9\tex/generic/bitset\bitset.st
y"
Package: bitset 2019/12/09 v1.3 Handle bit-vector datatype (HO)

("C:\Users\thecs\AppData\Local\Programs\MiKTeX 2.9\tex/generic/bigintcalc\bigin
tcalc.sty"
Package: bigintcalc 2019/12/15 v1.5 Expandable calculations on big integers (HO
)
))
\Fld@menulength=\count179
\Field@Width=\dimen137
\Fld@charsize=\dimen138
Package hyperref Info: Hyper figures OFF on input line 6430.
Package hyperref Info: Link nesting OFF on input line 6435.
Package hyperref Info: Hyper index ON on input line 6438.
Package hyperref Info: backreferencing OFF on input line 6445.
Package hyperref Info: Link coloring ON on input line 6448.
Package hyperref Info: Link coloring with OCG OFF on input line 6455.
Package hyperref Info: PDF/A mode OFF on input line 6460.
LaTeX Info: Redefining \ref on input line 6500.
LaTeX Info: Redefining \pageref on input line 6504.

("C:\Users\thecs\AppData\Local\Programs\MiKTeX 2.9\tex/generic/atbegshi\atbegsh
i.sty"
Package: atbegshi 2019/12/05 v1.19 At begin shipout hook (HO)
)
\Hy@abspage=\count180
\c@Item=\count181
\c@Hfootnote=\count182
)
Package hyperref Info: Driver (autodetected): hpdftex.

("C:\Users\thecs\AppData\Local\Programs\MiKTeX 2.9\tex/latex/hyperref\hpdftex.d
ef"
File: hpdftex.def 2020/01/14 v7.00d Hyperref driver for pdfTeX

("C:\Users\thecs\AppData\Local\Programs\MiKTeX 2.9\tex/latex/atveryend\atveryen
d.sty"
Package: atveryend 2019-12-11 v1.11 Hooks at the very end of document (HO)
Package atveryend Info: \enddocument detected (standard20110627).
)
\Fld@listcount=\count183
\c@bookmark@seq@number=\count184

("C:\Users\thecs\AppData\Local\Programs\MiKTeX 2.9\tex/latex/rerunfilecheck\rer
unfilecheck.sty"
Package: rerunfilecheck 2019/12/05 v1.9 Rerun checks for auxiliary files (HO)

("C:\Users\thecs\AppData\Local\Programs\MiKTeX 2.9\tex/generic/uniquecounter\un
iquecounter.sty"
Package: uniquecounter 2019/12/15 v1.4 Provide unlimited unique counter (HO)
)
Package uniquecounter Info: New unique counter `rerunfilecheck' on input line 2
86.
)
\Hy@SectionHShift=\skip49
)
("C:\Users\thecs\AppData\Local\Programs\MiKTeX 2.9\tex/generic/babel\babel.sty"
Package: babel 2020/03/22 3.42 The Babel package
("C:\Users\thecs\AppData\Local\Programs\MiKTeX 2.9\tex/generic/babel\switch.def
"
File: switch.def 2020/03/22 3.42 Babel switching mechanism
)
*************************************
* Local config file bblopts.cfg used
*
("C:\Users\thecs\AppData\Local\Programs\MiKTeX 2.9\tex/latex/arabi\bblopts.cfg"
File: bblopts.cfg 2005/09/08 v0.1 add Arabic and Farsi to "declared" options of
 babel
)
("C:\Users\thecs\AppData\Local\Programs\MiKTeX 2.9\tex/latex/babel-english\engl
ish.ldf"
Language: english 2017/06/06 v3.3r English support from the babel system

("C:\Users\thecs\AppData\Local\Programs\MiKTeX 2.9\tex/generic/babel\babel.def"
File: babel.def 2020/03/22 3.42 Babel common definitions
\babel@savecnt=\count185
\U@D=\dimen139

("C:\Users\thecs\AppData\Local\Programs\MiKTeX 2.9\tex/generic/babel\txtbabel.d
ef")
\bbl@readstream=\read2
\bbl@dirlevel=\count186
)
Package babel Info: \l@canadian = using hyphenrules for english
(babel)             (\language0) on input line 102.
Package babel Info: \l@australian = using hyphenrules for ukenglish
(babel)             (\language72) on input line 105.
Package babel Info: \l@newzealand = using hyphenrules for ukenglish
(babel)             (\language72) on input line 108.
))
("C:\Users\thecs\AppData\Local\Programs\MiKTeX 2.9\tex/latex/caption\caption.st
y"
Package: caption 2020/01/03 v3.4h Customizing captions (AR)

("C:\Users\thecs\AppData\Local\Programs\MiKTeX 2.9\tex/latex/caption\caption3.s
ty"
Package: caption3 2020/01/03 v1.8h caption3 kernel (AR)
Package caption3 Info: TeX engine: e-TeX on input line 61.
\captionmargin=\dimen140
\captionmargin@=\dimen141
\captionwidth=\dimen142
\caption@tempdima=\dimen143
\caption@indent=\dimen144
\caption@parindent=\dimen145
\caption@hangindent=\dimen146
Package caption Info: Standard document class detected.
)
\c@caption@flags=\count187
\c@continuedfloat=\count188
Package caption Info: hyperref package is loaded.
)
("C:\Users\thecs\AppData\Local\Programs\MiKTeX 2.9\tex/latex/base\inputenc.sty"
Package: inputenc 2018/08/11 v1.3c Input encoding file
\inpenc@prehook=\toks16
\inpenc@posthook=\toks17
("C:\Users\thecs\AppData\Local\Programs\MiKTeX 2.9\tex/latex/base\latin1.def"
File: latin1.def 2018/08/11 v1.3c Input encoding file
))
("C:\Users\thecs\AppData\Local\Programs\MiKTeX 2.9\tex/latex/tools\indentfirst.
sty"
Package: indentfirst 1995/11/23 v1.03 Indent first paragraph (DPC)
)
("C:\Users\thecs\AppData\Local\Programs\MiKTeX 2.9\tex/latex/enumitem\enumitem.
sty"
Package: enumitem 2019/06/20 v3.9 Customized lists
\labelindent=\skip50
\enit@outerparindent=\dimen147
\enit@toks=\toks18
\enit@inbox=\box45
\enit@count@id=\count189
\enitdp@description=\count190
)
("C:\Users\thecs\AppData\Local\Programs\MiKTeX 2.9\tex/latex/colortbl\colortbl.
sty"
Package: colortbl 2020/01/04 v1.0e Color table columns (DPC)

("C:\Users\thecs\AppData\Local\Programs\MiKTeX 2.9\tex/latex/tools\array.sty"
Package: array 2019/08/31 v2.4l Tabular extension package (FMi)
\col@sep=\dimen148
\ar@mcellbox=\box46
\extrarowheight=\dimen149
\NC@list=\toks19
\extratabsurround=\skip51
\backup@length=\skip52
\ar@cellbox=\box47
)
("C:\Users\thecs\AppData\Local\Programs\MiKTeX 2.9\tex/latex/graphics\color.sty
"
Package: color 2019/11/23 v1.2a Standard LaTeX Color (DPC)

("C:\Users\thecs\AppData\Local\Programs\MiKTeX 2.9\tex/latex/graphics-cfg\color
.cfg"
File: color.cfg 2016/01/02 v1.6 sample color configuration
)
Package color Info: Driver file: pdftex.def on input line 147.

("C:\Users\thecs\AppData\Local\Programs\MiKTeX 2.9\tex/latex/graphics-def\pdfte
x.def"
File: pdftex.def 2018/01/08 v1.0l Graphics/color driver for pdftex
))
\everycr=\toks20
\minrowclearance=\skip53
)
("C:\Users\thecs\AppData\Local\Programs\MiKTeX 2.9\tex/latex/tools\longtable.st
y"
Package: longtable 2020/01/07 v4.13 Multi-page Table package (DPC)
\LTleft=\skip54
\LTright=\skip55
\LTpre=\skip56
\LTpost=\skip57
\LTchunksize=\count191
\LTcapwidth=\dimen150
\LT@head=\box48
\LT@firsthead=\box49
\LT@foot=\box50
\LT@lastfoot=\box51
\LT@cols=\count192
\LT@rows=\count193
\c@LT@tables=\count194
\c@LT@chunks=\count195
\LT@p@ftn=\toks21
)
("C:\Users\thecs\AppData\Local\Programs\MiKTeX 2.9\tex/latex/threeparttablex\th
reeparttablex.sty"
Package: threeparttablex 2013/07/23 v0.3 by daleif

("C:\Users\thecs\AppData\Local\Programs\MiKTeX 2.9\tex/latex/threeparttable\thr
eeparttable.sty"
Package: threeparttable 2003/06/13  v 3.0
\@tempboxb=\box52
)
("C:\Users\thecs\AppData\Local\Programs\MiKTeX 2.9\tex/latex/environ\environ.st
y"
Package: environ 2014/05/04 v0.3 A new way to define environments

("C:\Users\thecs\AppData\Local\Programs\MiKTeX 2.9\tex/latex/trimspaces\trimspa
ces.sty"
Package: trimspaces 2009/09/17 v1.1 Trim spaces around a token list
)
\@envbody=\toks22
)
\TPTL@width=\skip58
)
("C:\Users\thecs\AppData\Local\Programs\MiKTeX 2.9\tex/latex/etoolbox\etoolbox.
sty"
Package: etoolbox 2019/09/21 v2.5h e-TeX tools for LaTeX (JAW)
\etb@tempcnta=\count196
)
("C:\Users\thecs\AppData\Local\Programs\MiKTeX 2.9\tex/latex/graphics\rotating.
sty"
Package: rotating 2016/08/11 v2.16d rotated objects in LaTeX

("C:\Users\thecs\AppData\Local\Programs\MiKTeX 2.9\tex/latex/graphics\graphicx.
sty"
Package: graphicx 2019/11/30 v1.2a Enhanced LaTeX Graphics (DPC,SPQR)

("C:\Users\thecs\AppData\Local\Programs\MiKTeX 2.9\tex/latex/graphics\graphics.
sty"
Package: graphics 2019/11/30 v1.4a Standard LaTeX Graphics (DPC,SPQR)

("C:\Users\thecs\AppData\Local\Programs\MiKTeX 2.9\tex/latex/graphics\trig.sty"
Package: trig 2016/01/03 v1.10 sin cos tan (DPC)
)
("C:\Users\thecs\AppData\Local\Programs\MiKTeX 2.9\tex/latex/graphics-cfg\graph
ics.cfg"
File: graphics.cfg 2016/06/04 v1.11 sample graphics configuration
)
Package graphics Info: Driver file: pdftex.def on input line 105.
)
\Gin@req@height=\dimen151
\Gin@req@width=\dimen152
)
("C:\Users\thecs\AppData\Local\Programs\MiKTeX 2.9\tex/latex/base\ifthen.sty"
Package: ifthen 2014/09/29 v1.1c Standard LaTeX ifthen package (DPC)
)
\c@r@tfl@t=\count197
\rotFPtop=\skip59
\rotFPbot=\skip60
\rot@float@box=\box53
\rot@mess@toks=\toks23
)
("C:\Users\thecs\AppData\Local\Programs\MiKTeX 2.9\tex/latex/multirow\multirow.
sty"
Package: multirow 2019/05/31 v2.5 Span multiple rows of a table
\multirow@colwidth=\skip61
\multirow@cntb=\count198
\multirow@dima=\skip62
\bigstrutjot=\dimen153
)
("C:\Users\thecs\AppData\Local\Programs\MiKTeX 2.9\tex/latex/pdflscape\pdflscap
e.sty"
Package: pdflscape 2019/12/05 v0.12 Display of landscape pages in PDF (HO)

("C:\Users\thecs\AppData\Local\Programs\MiKTeX 2.9\tex/latex/graphics\lscape.st
y"
Package: lscape 2000/10/22 v3.01 Landscape Pages (DPC)
)
Package pdflscape Info: Auto-detected driver: pdftex on input line 81.
)
("C:\Users\thecs\AppData\Local\Programs\MiKTeX 2.9\tex/latex/tablefootnote\tabl
efootnote.sty"
Package: tablefootnote 2014/01/26 v1.1c Table foot notes (HMM)

("C:\Users\thecs\AppData\Local\Programs\MiKTeX 2.9\tex/latex/xifthen\xifthen.st
y"
Package: xifthen 2015/11/05 v1.4.0 Extended ifthen features
 ("C:\Users\thecs\AppData\Local\Programs\MiKTeX 2.9\tex/latex/tools\calc.sty"
Package: calc 2017/05/25 v4.3 Infix arithmetic (KKT,FJ)
\calc@Acount=\count199
\calc@Bcount=\count266
\calc@Adimen=\dimen154
\calc@Bdimen=\dimen155
\calc@Askip=\skip63
\calc@Bskip=\skip64
LaTeX Info: Redefining \setlength on input line 80.
LaTeX Info: Redefining \addtolength on input line 81.
\calc@Ccount=\count267
\calc@Cskip=\skip65
)
("C:\Users\thecs\AppData\Local\Programs\MiKTeX 2.9\tex/latex/ifmtarg\ifmtarg.st
y"
Package: ifmtarg 2018/04/16 v1.2b check for an empty argument
)))
("C:\Users\thecs\AppData\Local\Programs\MiKTeX 2.9\tex/latex/xcolor\xcolor.sty"
Package: xcolor 2016/05/11 v2.12 LaTeX color extensions (UK)

("C:\Users\thecs\AppData\Local\Programs\MiKTeX 2.9\tex/latex/graphics-cfg\color
.cfg"
File: color.cfg 2016/01/02 v1.6 sample color configuration
)
Package xcolor Info: Driver file: pdftex.def on input line 225.
LaTeX Info: Redefining \color on input line 709.
Package xcolor Info: Model `cmy' substituted by `cmy0' on input line 1348.
Package xcolor Info: Model `hsb' substituted by `rgb' on input line 1352.
Package xcolor Info: Model `RGB' extended on input line 1364.
Package xcolor Info: Model `HTML' substituted by `rgb' on input line 1366.
Package xcolor Info: Model `Hsb' substituted by `hsb' on input line 1367.
Package xcolor Info: Model `tHsb' substituted by `hsb' on input line 1368.
Package xcolor Info: Model `HSB' substituted by `hsb' on input line 1369.
Package xcolor Info: Model `Gray' substituted by `gray' on input line 1370.
Package xcolor Info: Model `wave' substituted by `hsb' on input line 1371.

("C:\Users\thecs\AppData\Local\Programs\MiKTeX 2.9\tex/latex/xcolor\svgnam.def"
File: svgnam.def 2016/05/11 v2.12 Predefined colors according to SVG 1.1 (UK)
))
("C:\Users\thecs\AppData\Local\Programs\MiKTeX 2.9\tex/latex/amsmath\amsmath.st
y"
Package: amsmath 2020/01/20 v2.17e AMS math features
\@mathmargin=\skip66

For additional information on amsmath, use the `?' option.

("C:\Users\thecs\AppData\Local\Programs\MiKTeX 2.9\tex/latex/amsmath\amstext.st
y"
Package: amstext 2000/06/29 v2.01 AMS text

("C:\Users\thecs\AppData\Local\Programs\MiKTeX 2.9\tex/latex/amsmath\amsgen.sty
"
File: amsgen.sty 1999/11/30 v2.0 generic functions
\@emptytoks=\toks24
\ex@=\dimen156
))
("C:\Users\thecs\AppData\Local\Programs\MiKTeX 2.9\tex/latex/amsmath\amsbsy.sty
"
Package: amsbsy 1999/11/29 v1.2d Bold Symbols
\pmbraise@=\dimen157
)
("C:\Users\thecs\AppData\Local\Programs\MiKTeX 2.9\tex/latex/amsmath\amsopn.sty
"
Package: amsopn 2016/03/08 v2.02 operator names
)
\inf@bad=\count268
LaTeX Info: Redefining \frac on input line 227.
\uproot@=\count269
\leftroot@=\count270
LaTeX Info: Redefining \overline on input line 389.
\classnum@=\count271
\DOTSCASE@=\count272
LaTeX Info: Redefining \ldots on input line 486.
LaTeX Info: Redefining \dots on input line 489.
LaTeX Info: Redefining \cdots on input line 610.
\Mathstrutbox@=\box54
\strutbox@=\box55
\big@size=\dimen158
LaTeX Font Info:    Redeclaring font encoding OML on input line 733.
LaTeX Font Info:    Redeclaring font encoding OMS on input line 734.
\macc@depth=\count273
\c@MaxMatrixCols=\count274
\dotsspace@=\muskip17
\c@parentequation=\count275
\dspbrk@lvl=\count276
\tag@help=\toks25
\row@=\count277
\column@=\count278
\maxfields@=\count279
\andhelp@=\toks26
\eqnshift@=\dimen159
\alignsep@=\dimen160
\tagshift@=\dimen161
\tagwidth@=\dimen162
\totwidth@=\dimen163
\lineht@=\dimen164
\@envbody=\toks27
\multlinegap=\skip67
\multlinetaggap=\skip68
\mathdisplay@stack=\toks28
LaTeX Info: Redefining \[ on input line 2859.
LaTeX Info: Redefining \] on input line 2860.
)
("C:\Users\thecs\AppData\Local\Programs\MiKTeX 2.9\tex/latex/base\flafter.sty"
Package: flafter 2018/11/28 v1.4d Standard LaTeX floats after reference (FMi)
Applying: [2015/01/01] float order in 2-column on input line 49.
Already applied: [0000/00/00] float order in 2-column on input line 151.
) ("C:\Users\thecs\AppData\Local\Programs\MiKTeX 2.9\tex/latex/tools\dcolumn.st
y"
Package: dcolumn 2014/10/28 v1.06 decimal alignment package (DPC)
)
("C:\Users\thecs\AppData\Local\Programs\MiKTeX 2.9\tex/latex/geometry\geometry.
sty"
Package: geometry 2020/01/02 v5.9 Page Geometry

("C:\Users\thecs\AppData\Local\Programs\MiKTeX 2.9\tex/generic/iftex\ifvtex.sty
"
Package: ifvtex 2019/10/25 v1.7 ifvtex legacy package. Use iftex instead.
)
\Gm@cnth=\count280
\Gm@cntv=\count281
\c@Gm@tempcnt=\count282
\Gm@bindingoffset=\dimen165
\Gm@wd@mp=\dimen166
\Gm@odd@mp=\dimen167
\Gm@even@mp=\dimen168
\Gm@layoutwidth=\dimen169
\Gm@layoutheight=\dimen170
\Gm@layouthoffset=\dimen171
\Gm@layoutvoffset=\dimen172
\Gm@dimlist=\toks29

("C:\Users\thecs\AppData\Local\Programs\MiKTeX 2.9\tex/latex/geometry\geometry.
cfg"))
("C:\Users\thecs\AppData\Local\Programs\MiKTeX 2.9\tex/latex/natbib\natbib.sty"
Package: natbib 2010/09/13 8.31b (PWD, AO)
\bibhang=\skip69
\bibsep=\skip70
LaTeX Info: Redefining \cite on input line 694.
\c@NAT@ctr=\count283
) ("C:\Users\thecs\AppData\Local\Programs\MiKTeX 2.9\tex/latex/amscls\amsthm.st
y"
Package: amsthm 2017/10/31 v2.20.4
\thm@style=\toks30
\thm@bodyfont=\toks31
\thm@headfont=\toks32
\thm@notefont=\toks33
\thm@headpunct=\toks34
\thm@preskip=\skip71
\thm@postskip=\skip72
\thm@headsep=\skip73
\dth@everypar=\toks35
)
("C:\Users\thecs\AppData\Local\Programs\MiKTeX 2.9\tex/latex/amsfonts\amssymb.s
ty"
Package: amssymb 2013/01/14 v3.01 AMS font symbols

("C:\Users\thecs\AppData\Local\Programs\MiKTeX 2.9\tex/latex/amsfonts\amsfonts.
sty"
Package: amsfonts 2013/01/14 v3.01 Basic AMSFonts support
\symAMSa=\mathgroup4
\symAMSb=\mathgroup5
LaTeX Font Info:    Redeclaring math symbol \hbar on input line 98.
LaTeX Font Info:    Overwriting math alphabet `\mathfrak' in version `bold'
(Font)                  U/euf/m/n --> U/euf/b/n on input line 106.
))
("C:\Users\thecs\AppData\Local\Programs\MiKTeX 2.9\tex/latex/tcolorbox\tcolorbo
x.sty"
Package: tcolorbox 2019/11/15 version 4.22 text color boxes

("C:\Users\thecs\AppData\Local\Programs\MiKTeX 2.9\tex/latex/pgf/basiclayer\pgf
.sty"
("C:\Users\thecs\AppData\Local\Programs\MiKTeX 2.9\tex/latex/pgf/utilities\pgfr
cs.sty"
("C:\Users\thecs\AppData\Local\Programs\MiKTeX 2.9\tex/generic/pgf/utilities\pg
futil-common.tex"
\pgfutil@everybye=\toks36
\pgfutil@tempdima=\dimen173
\pgfutil@tempdimb=\dimen174

("C:\Users\thecs\AppData\Local\Programs\MiKTeX 2.9\tex/generic/pgf/utilities\pg
futil-common-lists.tex"))
("C:\Users\thecs\AppData\Local\Programs\MiKTeX 2.9\tex/generic/pgf/utilities\pg
futil-latex.def"
\pgfutil@abb=\box56

("C:\Users\thecs\AppData\Local\Programs\MiKTeX 2.9\tex/latex/ms\everyshi.sty"
Package: everyshi 2001/05/15 v3.00 EveryShipout Package (MS)
))
("C:\Users\thecs\AppData\Local\Programs\MiKTeX 2.9\tex/generic/pgf/utilities\pg
frcs.code.tex"
("C:\Users\thecs\AppData\Local\Programs\MiKTeX 2.9\tex/generic/pgf\pgf.revision
.tex")
Package: pgfrcs 2020/01/08 v3.1.5b (3.1.5b)
))
Package: pgf 2020/01/08 v3.1.5b (3.1.5b)

("C:\Users\thecs\AppData\Local\Programs\MiKTeX 2.9\tex/latex/pgf/basiclayer\pgf
core.sty"
("C:\Users\thecs\AppData\Local\Programs\MiKTeX 2.9\tex/latex/pgf/systemlayer\pg
fsys.sty"
("C:\Users\thecs\AppData\Local\Programs\MiKTeX 2.9\tex/generic/pgf/systemlayer\
pgfsys.code.tex"
Package: pgfsys 2020/01/08 v3.1.5b (3.1.5b)

("C:\Users\thecs\AppData\Local\Programs\MiKTeX 2.9\tex/generic/pgf/utilities\pg
fkeys.code.tex"
\pgfkeys@pathtoks=\toks37
\pgfkeys@temptoks=\toks38

("C:\Users\thecs\AppData\Local\Programs\MiKTeX 2.9\tex/generic/pgf/utilities\pg
fkeysfiltered.code.tex"
\pgfkeys@tmptoks=\toks39
))
\pgf@x=\dimen175
\pgf@y=\dimen176
\pgf@xa=\dimen177
\pgf@ya=\dimen178
\pgf@xb=\dimen179
\pgf@yb=\dimen180
\pgf@xc=\dimen181
\pgf@yc=\dimen182
\pgf@xd=\dimen183
\pgf@yd=\dimen184
\w@pgf@writea=\write3
\r@pgf@reada=\read3
\c@pgf@counta=\count284
\c@pgf@countb=\count285
\c@pgf@countc=\count286
\c@pgf@countd=\count287
\t@pgf@toka=\toks40
\t@pgf@tokb=\toks41
\t@pgf@tokc=\toks42
\pgf@sys@id@count=\count288

("C:\Users\thecs\AppData\Local\Programs\MiKTeX 2.9\tex/generic/pgf/systemlayer\
pgf.cfg"
File: pgf.cfg 2020/01/08 v3.1.5b (3.1.5b)
)
Driver file for pgf: pgfsys-pdftex.def

("C:\Users\thecs\AppData\Local\Programs\MiKTeX 2.9\tex/generic/pgf/systemlayer\
pgfsys-pdftex.def"
File: pgfsys-pdftex.def 2020/01/08 v3.1.5b (3.1.5b)

("C:\Users\thecs\AppData\Local\Programs\MiKTeX 2.9\tex/generic/pgf/systemlayer\
pgfsys-common-pdf.def"
File: pgfsys-common-pdf.def 2020/01/08 v3.1.5b (3.1.5b)
)))
("C:\Users\thecs\AppData\Local\Programs\MiKTeX 2.9\tex/generic/pgf/systemlayer\
pgfsyssoftpath.code.tex"
File: pgfsyssoftpath.code.tex 2020/01/08 v3.1.5b (3.1.5b)
\pgfsyssoftpath@smallbuffer@items=\count289
\pgfsyssoftpath@bigbuffer@items=\count290
)
("C:\Users\thecs\AppData\Local\Programs\MiKTeX 2.9\tex/generic/pgf/systemlayer\
pgfsysprotocol.code.tex"
File: pgfsysprotocol.code.tex 2020/01/08 v3.1.5b (3.1.5b)
))
("C:\Users\thecs\AppData\Local\Programs\MiKTeX 2.9\tex/generic/pgf/basiclayer\p
gfcore.code.tex"
Package: pgfcore 2020/01/08 v3.1.5b (3.1.5b)

("C:\Users\thecs\AppData\Local\Programs\MiKTeX 2.9\tex/generic/pgf/math\pgfmath
.code.tex"
("C:\Users\thecs\AppData\Local\Programs\MiKTeX 2.9\tex/generic/pgf/math\pgfmath
calc.code.tex"
("C:\Users\thecs\AppData\Local\Programs\MiKTeX 2.9\tex/generic/pgf/math\pgfmath
util.code.tex")
("C:\Users\thecs\AppData\Local\Programs\MiKTeX 2.9\tex/generic/pgf/math\pgfmath
parser.code.tex"
\pgfmath@dimen=\dimen185
\pgfmath@count=\count291
\pgfmath@box=\box57
\pgfmath@toks=\toks43
\pgfmath@stack@operand=\toks44
\pgfmath@stack@operation=\toks45
)
("C:\Users\thecs\AppData\Local\Programs\MiKTeX 2.9\tex/generic/pgf/math\pgfmath
functions.code.tex"
("C:\Users\thecs\AppData\Local\Programs\MiKTeX 2.9\tex/generic/pgf/math\pgfmath
functions.basic.code.tex")
("C:\Users\thecs\AppData\Local\Programs\MiKTeX 2.9\tex/generic/pgf/math\pgfmath
functions.trigonometric.code.tex")
("C:\Users\thecs\AppData\Local\Programs\MiKTeX 2.9\tex/generic/pgf/math\pgfmath
functions.random.code.tex")
("C:\Users\thecs\AppData\Local\Programs\MiKTeX 2.9\tex/generic/pgf/math\pgfmath
functions.comparison.code.tex")
("C:\Users\thecs\AppData\Local\Programs\MiKTeX 2.9\tex/generic/pgf/math\pgfmath
functions.base.code.tex")
("C:\Users\thecs\AppData\Local\Programs\MiKTeX 2.9\tex/generic/pgf/math\pgfmath
functions.round.code.tex")
("C:\Users\thecs\AppData\Local\Programs\MiKTeX 2.9\tex/generic/pgf/math\pgfmath
functions.misc.code.tex")
("C:\Users\thecs\AppData\Local\Programs\MiKTeX 2.9\tex/generic/pgf/math\pgfmath
functions.integerarithmetics.code.tex")))
("C:\Users\thecs\AppData\Local\Programs\MiKTeX 2.9\tex/generic/pgf/math\pgfmath
float.code.tex"
\c@pgfmathroundto@lastzeros=\count292
))
("C:\Users\thecs\AppData\Local\Programs\MiKTeX 2.9\tex/generic/pgf/math\pgfint.
code.tex")
("C:\Users\thecs\AppData\Local\Programs\MiKTeX 2.9\tex/generic/pgf/basiclayer\p
gfcorepoints.code.tex"
File: pgfcorepoints.code.tex 2020/01/08 v3.1.5b (3.1.5b)
\pgf@picminx=\dimen186
\pgf@picmaxx=\dimen187
\pgf@picminy=\dimen188
\pgf@picmaxy=\dimen189
\pgf@pathminx=\dimen190
\pgf@pathmaxx=\dimen191
\pgf@pathminy=\dimen192
\pgf@pathmaxy=\dimen193
\pgf@xx=\dimen194
\pgf@xy=\dimen195
\pgf@yx=\dimen196
\pgf@yy=\dimen197
\pgf@zx=\dimen198
\pgf@zy=\dimen199
)
("C:\Users\thecs\AppData\Local\Programs\MiKTeX 2.9\tex/generic/pgf/basiclayer\p
gfcorepathconstruct.code.tex"
File: pgfcorepathconstruct.code.tex 2020/01/08 v3.1.5b (3.1.5b)
\pgf@path@lastx=\dimen256
\pgf@path@lasty=\dimen257
)
("C:\Users\thecs\AppData\Local\Programs\MiKTeX 2.9\tex/generic/pgf/basiclayer\p
gfcorepathusage.code.tex"
File: pgfcorepathusage.code.tex 2020/01/08 v3.1.5b (3.1.5b)
\pgf@shorten@end@additional=\dimen258
\pgf@shorten@start@additional=\dimen259
)
("C:\Users\thecs\AppData\Local\Programs\MiKTeX 2.9\tex/generic/pgf/basiclayer\p
gfcorescopes.code.tex"
File: pgfcorescopes.code.tex 2020/01/08 v3.1.5b (3.1.5b)
\pgfpic=\box58
\pgf@hbox=\box59
\pgf@layerbox@main=\box60
\pgf@picture@serial@count=\count293
)
("C:\Users\thecs\AppData\Local\Programs\MiKTeX 2.9\tex/generic/pgf/basiclayer\p
gfcoregraphicstate.code.tex"
File: pgfcoregraphicstate.code.tex 2020/01/08 v3.1.5b (3.1.5b)
\pgflinewidth=\dimen260
)
("C:\Users\thecs\AppData\Local\Programs\MiKTeX 2.9\tex/generic/pgf/basiclayer\p
gfcoretransformations.code.tex"
File: pgfcoretransformations.code.tex 2020/01/08 v3.1.5b (3.1.5b)
\pgf@pt@x=\dimen261
\pgf@pt@y=\dimen262
\pgf@pt@temp=\dimen263
)
("C:\Users\thecs\AppData\Local\Programs\MiKTeX 2.9\tex/generic/pgf/basiclayer\p
gfcorequick.code.tex"
File: pgfcorequick.code.tex 2020/01/08 v3.1.5b (3.1.5b)
)
("C:\Users\thecs\AppData\Local\Programs\MiKTeX 2.9\tex/generic/pgf/basiclayer\p
gfcoreobjects.code.tex"
File: pgfcoreobjects.code.tex 2020/01/08 v3.1.5b (3.1.5b)
)
("C:\Users\thecs\AppData\Local\Programs\MiKTeX 2.9\tex/generic/pgf/basiclayer\p
gfcorepathprocessing.code.tex"
File: pgfcorepathprocessing.code.tex 2020/01/08 v3.1.5b (3.1.5b)
)
("C:\Users\thecs\AppData\Local\Programs\MiKTeX 2.9\tex/generic/pgf/basiclayer\p
gfcorearrows.code.tex"
File: pgfcorearrows.code.tex 2020/01/08 v3.1.5b (3.1.5b)
\pgfarrowsep=\dimen264
)
("C:\Users\thecs\AppData\Local\Programs\MiKTeX 2.9\tex/generic/pgf/basiclayer\p
gfcoreshade.code.tex"
File: pgfcoreshade.code.tex 2020/01/08 v3.1.5b (3.1.5b)
\pgf@max=\dimen265
\pgf@sys@shading@range@num=\count294
\pgf@shadingcount=\count295
)
("C:\Users\thecs\AppData\Local\Programs\MiKTeX 2.9\tex/generic/pgf/basiclayer\p
gfcoreimage.code.tex"
File: pgfcoreimage.code.tex 2020/01/08 v3.1.5b (3.1.5b)

("C:\Users\thecs\AppData\Local\Programs\MiKTeX 2.9\tex/generic/pgf/basiclayer\p
gfcoreexternal.code.tex"
File: pgfcoreexternal.code.tex 2020/01/08 v3.1.5b (3.1.5b)
\pgfexternal@startupbox=\box61
))
("C:\Users\thecs\AppData\Local\Programs\MiKTeX 2.9\tex/generic/pgf/basiclayer\p
gfcorelayers.code.tex"
File: pgfcorelayers.code.tex 2020/01/08 v3.1.5b (3.1.5b)
)
("C:\Users\thecs\AppData\Local\Programs\MiKTeX 2.9\tex/generic/pgf/basiclayer\p
gfcoretransparency.code.tex"
File: pgfcoretransparency.code.tex 2020/01/08 v3.1.5b (3.1.5b)
)
("C:\Users\thecs\AppData\Local\Programs\MiKTeX 2.9\tex/generic/pgf/basiclayer\p
gfcorepatterns.code.tex"
File: pgfcorepatterns.code.tex 2020/01/08 v3.1.5b (3.1.5b)
)
("C:\Users\thecs\AppData\Local\Programs\MiKTeX 2.9\tex/generic/pgf/basiclayer\p
gfcorerdf.code.tex"
File: pgfcorerdf.code.tex 2020/01/08 v3.1.5b (3.1.5b)
)))
("C:\Users\thecs\AppData\Local\Programs\MiKTeX 2.9\tex/generic/pgf/modules\pgfm
oduleshapes.code.tex"
File: pgfmoduleshapes.code.tex 2020/01/08 v3.1.5b (3.1.5b)
\pgfnodeparttextbox=\box62
)
("C:\Users\thecs\AppData\Local\Programs\MiKTeX 2.9\tex/generic/pgf/modules\pgfm
oduleplot.code.tex"
File: pgfmoduleplot.code.tex 2020/01/08 v3.1.5b (3.1.5b)
)
("C:\Users\thecs\AppData\Local\Programs\MiKTeX 2.9\tex/latex/pgf/compatibility\
pgfcomp-version-0-65.sty"
Package: pgfcomp-version-0-65 2020/01/08 v3.1.5b (3.1.5b)
\pgf@nodesepstart=\dimen266
\pgf@nodesepend=\dimen267
)
("C:\Users\thecs\AppData\Local\Programs\MiKTeX 2.9\tex/latex/pgf/compatibility\
pgfcomp-version-1-18.sty"
Package: pgfcomp-version-1-18 2020/01/08 v3.1.5b (3.1.5b)
))
("C:\Users\thecs\AppData\Local\Programs\MiKTeX 2.9\tex/latex/tools\verbatim.sty
"
Package: verbatim 2019/11/10 v1.5r LaTeX2e package for verbatim enhancements
\every@verbatim=\toks46
\verbatim@line=\toks47
\verbatim@in@stream=\read4
)
\tcb@titlebox=\box63
\tcb@upperbox=\box64
\tcb@lowerbox=\box65
\tcb@phantombox=\box66
\c@tcbbreakpart=\count296
\c@tcblayer=\count297
\tcolorbox@number=\count298
\tcb@temp=\box67
\tcb@temp=\box68
\tcb@temp=\box69
\tcb@temp=\box70
\tcb@out=\write4
\tcb@record@out=\write5
)
("C:\Users\thecs\AppData\Local\Programs\MiKTeX 2.9\tex/latex/lipsum\lipsum.sty"
("C:\Users\thecs\AppData\Local\Programs\MiKTeX 2.9\tex/latex/l3kernel\expl3.sty
"
Package: expl3 2020-04-06 L3 programming layer (loader) 

("C:\Users\thecs\AppData\Local\Programs\MiKTeX 2.9\tex/latex/l3backend\l3backen
d-pdfmode.def"
File: l3backend-pdfmode.def 2020-03-12 L3 backend support: PDF mode
\l__kernel_color_stack_int=\count299
\l__pdf_internal_box=\box71
))
("C:\Users\thecs\AppData\Local\Programs\MiKTeX 2.9\tex/latex/l3packages/xparse\
xparse.sty"
Package: xparse 2020-03-06 L3 Experimental document command parser
\l__xparse_current_arg_int=\count300
\g__xparse_grabber_int=\count301
\l__xparse_m_args_int=\count302
\l__xparse_v_nesting_int=\count303
)
Package: lipsum 2019/01/02 v2.2 150 paragraphs of Lorem Ipsum dummy text

("C:\Users\thecs\AppData\Local\Programs\MiKTeX 2.9\tex/latex/lipsum\lipsum.ltd.
tex"
File: lipsum.ltd.tex 2019/01/02 v2.2 The Lorem ipsum dummy text
))
("C:\Users\thecs\AppData\Local\Programs\MiKTeX 2.9\tex/latex/pgf/frontendlayer\
tikz.sty"
("C:\Users\thecs\AppData\Local\Programs\MiKTeX 2.9\tex/latex/pgf/utilities\pgff
or.sty"
("C:\Users\thecs\AppData\Local\Programs\MiKTeX 2.9\tex/latex/pgf/utilities\pgfk
eys.sty"
("C:\Users\thecs\AppData\Local\Programs\MiKTeX 2.9\tex/generic/pgf/utilities\pg
fkeys.code.tex"))
("C:\Users\thecs\AppData\Local\Programs\MiKTeX 2.9\tex/latex/pgf/math\pgfmath.s
ty"
("C:\Users\thecs\AppData\Local\Programs\MiKTeX 2.9\tex/generic/pgf/math\pgfmath
.code.tex"))
("C:\Users\thecs\AppData\Local\Programs\MiKTeX 2.9\tex/generic/pgf/utilities\pg
ffor.code.tex"
Package: pgffor 2020/01/08 v3.1.5b (3.1.5b)

("C:\Users\thecs\AppData\Local\Programs\MiKTeX 2.9\tex/generic/pgf/math\pgfmath
.code.tex")
\pgffor@iter=\dimen268
\pgffor@skip=\dimen269
\pgffor@stack=\toks48
\pgffor@toks=\toks49
))
("C:\Users\thecs\AppData\Local\Programs\MiKTeX 2.9\tex/generic/pgf/frontendlaye
r/tikz\tikz.code.tex"
Package: tikz 2020/01/08 v3.1.5b (3.1.5b)

("C:\Users\thecs\AppData\Local\Programs\MiKTeX 2.9\tex/generic/pgf/libraries\pg
flibraryplothandlers.code.tex"
File: pgflibraryplothandlers.code.tex 2020/01/08 v3.1.5b (3.1.5b)
\pgf@plot@mark@count=\count304
\pgfplotmarksize=\dimen270
)
\tikz@lastx=\dimen271
\tikz@lasty=\dimen272
\tikz@lastxsaved=\dimen273
\tikz@lastysaved=\dimen274
\tikz@lastmovetox=\dimen275
\tikz@lastmovetoy=\dimen276
\tikzleveldistance=\dimen277
\tikzsiblingdistance=\dimen278
\tikz@figbox=\box72
\tikz@figbox@bg=\box73
\tikz@tempbox=\box74
\tikz@tempbox@bg=\box75
\tikztreelevel=\count305
\tikznumberofchildren=\count306
\tikznumberofcurrentchild=\count307
\tikz@fig@count=\count308

("C:\Users\thecs\AppData\Local\Programs\MiKTeX 2.9\tex/generic/pgf/modules\pgfm
odulematrix.code.tex"
File: pgfmodulematrix.code.tex 2020/01/08 v3.1.5b (3.1.5b)
\pgfmatrixcurrentrow=\count309
\pgfmatrixcurrentcolumn=\count310
\pgf@matrix@numberofcolumns=\count311
)
\tikz@expandcount=\count312

("C:\Users\thecs\AppData\Local\Programs\MiKTeX 2.9\tex/generic/pgf/frontendlaye
r/tikz/libraries\tikzlibrarytopaths.code.tex"
File: tikzlibrarytopaths.code.tex 2020/01/08 v3.1.5b (3.1.5b)
)))
("C:\Users\thecs\AppData\Local\Programs\MiKTeX 2.9\tex/latex/tools\tabularx.sty
"
Package: tabularx 2020/01/15 v2.11c `tabularx' package (DPC)
\TX@col@width=\dimen279
\TX@old@table=\dimen280
\TX@old@col=\dimen281
\TX@target=\dimen282
\TX@delta=\dimen283
\TX@cols=\count313
\TX@ftn=\toks50
)
("C:\Users\thecs\AppData\Local\Programs\MiKTeX 2.9\tex/latex/tcolorbox\tcbskins
.code.tex"
Library (tcolorbox): 'tcbskins.code.tex' version '4.22'
\tcb@waterbox=\box76

("C:\Users\thecs\AppData\Local\Programs\MiKTeX 2.9\tex/latex/tcolorbox\tcbskins
jigsaw.code.tex"
Library (tcolorbox): 'tcbskinsjigsaw.code.tex' version '4.22'
))
("C:\Users\thecs\AppData\Local\Programs\MiKTeX 2.9\tex/latex/tcolorbox\tcbbreak
able.code.tex"
Library (tcolorbox): 'tcbbreakable.code.tex' version '4.22'
\tcb@testbox=\box77
\tcb@totalupperbox=\box78
\tcb@totallowerbox=\box79
)
("C:\Users\thecs\AppData\Local\Programs\MiKTeX 2.9\tex/generic/pgf/frontendlaye
r/tikz/libraries\tikzlibraryshadings.code.tex"
File: tikzlibraryshadings.code.tex 2020/01/08 v3.1.5b (3.1.5b)

("C:\Users\thecs\AppData\Local\Programs\MiKTeX 2.9\tex/generic/pgf/libraries\pg
flibraryshadings.code.tex"
File: pgflibraryshadings.code.tex 2020/01/08 v3.1.5b (3.1.5b)
))
("C:\Users\thecs\AppData\Local\Programs\MiKTeX 2.9\tex/generic/pgf/frontendlaye
r/tikz/libraries\tikzlibraryshadows.code.tex"
File: tikzlibraryshadows.code.tex 2020/01/08 v3.1.5b (3.1.5b)

("C:\Users\thecs\AppData\Local\Programs\MiKTeX 2.9\tex/generic/pgf/frontendlaye
r/tikz/libraries\tikzlibraryfadings.code.tex"
File: tikzlibraryfadings.code.tex 2020/01/08 v3.1.5b (3.1.5b)

("C:\Users\thecs\AppData\Local\Programs\MiKTeX 2.9\tex/generic/pgf/libraries\pg
flibraryfadings.code.tex"
File: pgflibraryfadings.code.tex 2020/01/08 v3.1.5b (3.1.5b)
)))
("C:\Users\thecs\AppData\Local\Programs\MiKTeX 2.9\tex/latex/subfig\subfig.sty"
Package: subfig 2005/06/28 ver: 1.3 subfig package
\c@KVtest=\count314
\sf@farskip=\skip74
\sf@captopadj=\dimen284
\sf@capskip=\skip75
\sf@nearskip=\skip76
\c@subfigure=\count315
\c@subfigure@save=\count316
\c@lofdepth=\count317
\c@subtable=\count318
\c@subtable@save=\count319
\c@lotdepth=\count320
\sf@top=\skip77
\sf@bottom=\skip78
)
("C:\Users\thecs\AppData\Local\Programs\MiKTeX 2.9\tex/latex/setspace\setspace.
sty"
Package: setspace 2011/12/19 v6.7a set line spacing
)
("C:\Users\thecs\AppData\Local\Programs\MiKTeX 2.9\tex/latex/booktabs\booktabs.
sty"
Package: booktabs 2020/01/12 v1.61803398 Publication quality tables
\heavyrulewidth=\dimen285
\lightrulewidth=\dimen286
\cmidrulewidth=\dimen287
\belowrulesep=\dimen288
\belowbottomsep=\dimen289
\aboverulesep=\dimen290
\abovetopsep=\dimen291
\cmidrulesep=\dimen292
\cmidrulekern=\dimen293
\defaultaddspace=\dimen294
\@cmidla=\count321
\@cmidlb=\count322
\@aboverulesep=\dimen295
\@belowrulesep=\dimen296
\@thisruleclass=\count323
\@lastruleclass=\count324
\@thisrulewidth=\dimen297
)
("C:\Users\thecs\AppData\Local\Programs\MiKTeX 2.9\tex/latex/filecontents\filec
ontents.sty"
Package: filecontents 2019/09/20 v1.5 Create an external file from within a LaT
eX document


Package filecontents Warning: This package is obsolete. Disabling it and
(filecontents)                passing control to the filecontents environment
(filecontents)                defined by the LaTeX kernel.

)
("C:\Users\thecs\AppData\Local\Programs\MiKTeX 2.9\tex/latex/grffile\grffile.st
y"
Package: grffile 2019/11/11 v2.1 Extended file name support for graphics (legac
y)
Package grffile Info: This package is an empty stub for compatibility on input 
line 40.
)
\c@theorem=\count325
\c@corollary=\count326

("C:\Users\thecs\AppData\Local\Programs\MiKTeX 2.9\tex/latex/siunitx\siunitx.st
y"
Package: siunitx 2020/02/25 v2.8b A comprehensive (SI) units package

("C:\Users\thecs\AppData\Local\Programs\MiKTeX 2.9\tex/latex/l3packages/l3keys2
e\l3keys2e.sty"
Package: l3keys2e 2020-03-06 LaTeX2e option processing using LaTeX3 keys
)
\l__siunitx_tmp_box=\box80
\l__siunitx_tmp_dim=\dimen298
\l__siunitx_tmp_int=\count327
\l__siunitx_number_mantissa_length_int=\count328
\l__siunitx_number_uncert_length_int=\count329
\l__siunitx_round_int=\count330
\l__siunitx_process_decimal_int=\count331
\l__siunitx_process_uncertainty_int=\count332
\l__siunitx_process_fixed_int=\count333
\l__siunitx_process_integer_min_int=\count334
\l__siunitx_process_precision_int=\count335
\l__siunitx_group_min_int=\count336
\l__siunitx_angle_marker_box=\box81
\l__siunitx_angle_unit_box=\box82
\l__siunitx_angle_marker_dim=\dimen299
\l__siunitx_angle_unit_dim=\dimen300
\l__siunitx_unit_int=\count337
\l__siunitx_unit_denominator_int=\count338
\l__siunitx_unit_numerator_int=\count339
\l__siunitx_unit_prefix_int=\count340
\l__siunitx_unit_prefix_base_int=\count341
\l__siunitx_unit_prefix_gram_int=\count342
\l__siunitx_number_product_int=\count343
\c__siunitx_one_fill_skip=\skip79
\l__siunitx_table_unit_align_skip=\skip80
\l__siunitx_table_exponent_dim=\dimen301
\l__siunitx_table_integer_dim=\dimen302
\l__siunitx_table_mantissa_dim=\dimen303
\l__siunitx_table_marker_dim=\dimen304
\l__siunitx_table_result_dim=\dimen305
\l__siunitx_table_uncert_dim=\dimen306
\l__siunitx_table_fill_pre_dim=\dimen307
\l__siunitx_table_fill_post_dim=\dimen308
\l__siunitx_table_fill_mid_dim=\dimen309
\l__siunitx_table_pre_box=\box83
\l__siunitx_table_post_box=\box84
\l__siunitx_table_mantissa_box=\box85
\l__siunitx_table_result_box=\box86
\l__siunitx_table_number_align_skip=\skip81
\l__siunitx_table_text_align_skip=\skip82

("C:\Users\thecs\AppData\Local\Programs\MiKTeX 2.9\tex/latex/translator\transla
tor.sty"
Package: translator 2019-05-31 v1.12a Easy translation of strings in LaTeX
)))
("C:\Users\thecs\AppData\Local\Programs\MiKTeX 2.9\tex/latex/csquotes\csquotes.
sty"
Package: csquotes 2019-12-06 v5.2j context-sensitive quotations (JAW)
\csq@reset=\count344
\csq@gtype=\count345
\csq@glevel=\count346
\csq@qlevel=\count347
\csq@maxlvl=\count348
\csq@tshold=\count349
\csq@ltx@everypar=\toks51

("C:\Users\thecs\AppData\Local\Programs\MiKTeX 2.9\tex/latex/csquotes\csquotes.
def"
File: csquotes.def 2019-12-06 v5.2j csquotes generic definitions (JAW)
)
Package csquotes Info: Trying to load configuration file 'csquotes.cfg'...
Package csquotes Info: ... configuration file loaded successfully.

("C:\Users\thecs\AppData\Local\Programs\MiKTeX 2.9\tex/latex/csquotes\csquotes.
cfg"
File: csquotes.cfg 
))
("C:\Users\thecs\AppData\Local\Programs\MiKTeX 2.9\tex/latex/placeins\placeins.
sty"
Package: placeins 2005/04/18  v 2.2
)
Package csquotes Info: Checking for multilingual support...
Package csquotes Info: ... found 'babel' package.
Package csquotes Info: Adjusting default style.
Package csquotes Info: Redefining alias 'default' -> 'english'.
 (commentsJan4.aux

LaTeX Warning: Label `tab:skillRegs' multiply defined.


LaTeX Warning: Label `tab:skillRegs' multiply defined.


LaTeX Warning: Label `tab:skillRegs' multiply defined.

)
\openout1 = `commentsJan4.aux'.

LaTeX Font Info:    Checking defaults for OML/cmm/m/it on input line 7.
LaTeX Font Info:    ... okay on input line 7.
LaTeX Font Info:    Checking defaults for OMS/cmsy/m/n on input line 7.
LaTeX Font Info:    ... okay on input line 7.
LaTeX Font Info:    Checking defaults for OT1/cmr/m/n on input line 7.
LaTeX Font Info:    ... okay on input line 7.
LaTeX Font Info:    Checking defaults for T1/cmr/m/n on input line 7.
LaTeX Font Info:    ... okay on input line 7.
LaTeX Font Info:    Checking defaults for TS1/cmr/m/n on input line 7.
LaTeX Font Info:    ... okay on input line 7.
LaTeX Font Info:    Checking defaults for OMX/cmex/m/n on input line 7.
LaTeX Font Info:    ... okay on input line 7.
LaTeX Font Info:    Checking defaults for U/cmr/m/n on input line 7.
LaTeX Font Info:    ... okay on input line 7.
LaTeX Font Info:    Checking defaults for PD1/pdf/m/n on input line 7.
LaTeX Font Info:    ... okay on input line 7.
\AtBeginShipoutBox=\box87
Package hyperref Info: Link coloring ON on input line 7.

("C:\Users\thecs\AppData\Local\Programs\MiKTeX 2.9\tex/latex/hyperref\nameref.s
ty"
Package: nameref 2019/09/16 v2.46 Cross-referencing by name of section

("C:\Users\thecs\AppData\Local\Programs\MiKTeX 2.9\tex/latex/refcount\refcount.
sty"
Package: refcount 2019/12/15 v3.6 Data extraction from label references (HO)
)
("C:\Users\thecs\AppData\Local\Programs\MiKTeX 2.9\tex/generic/gettitlestring\g
ettitlestring.sty"
Package: gettitlestring 2019/12/15 v1.6 Cleanup title references (HO)
)
\c@section@level=\count350
)
LaTeX Info: Redefining \ref on input line 7.
LaTeX Info: Redefining \pageref on input line 7.
LaTeX Info: Redefining \nameref on input line 7.
 (commentsJan4.out) (commentsJan4.out)
\@outlinefile=\write6
\openout6 = `commentsJan4.out'.

Package caption Info: Begin \AtBeginDocument code.
Package caption Info: subfig package v1.3 is loaded.
Package caption Info: longtable package is loaded.

("C:\Users\thecs\AppData\Local\Programs\MiKTeX 2.9\tex/latex/caption\ltcaption.
sty"
Package: ltcaption 2018/08/26 v1.4a longtable captions (AR)
)
Package caption Info: rotating package is loaded.
Package caption Info: threeparttable package is loaded.
Package caption Info: End \AtBeginDocument code.

("C:\Users\thecs\AppData\Local\Programs\MiKTeX 2.9\tex/context/base/mkii\supp-p
df.mkii"
[Loading MPS to PDF converter (version 2006.09.02).]
\scratchcounter=\count351
\scratchdimen=\dimen310
\scratchbox=\box88
\nofMPsegments=\count352
\nofMParguments=\count353
\everyMPshowfont=\toks52
\MPscratchCnt=\count354
\MPscratchDim=\dimen311
\MPnumerator=\count355
\makeMPintoPDFobject=\count356
\everyMPtoPDFconversion=\toks53
)
("C:\Users\thecs\AppData\Local\Programs\MiKTeX 2.9\tex/latex/epstopdf-pkg\epsto
pdf-base.sty"
Package: epstopdf-base 2020-01-24 v2.11 Base part for package epstopdf
Package epstopdf-base Info: Redefining graphics rule for `.eps' on input line 4
85.
)
*geometry* driver: auto-detecting
*geometry* detected driver: pdftex
*geometry* verbose mode - [ preamble ] result:
* driver: pdftex
* paper: a4paper
* layout: <same size as paper>
* layoutoffset:(h,v)=(0.0pt,0.0pt)
* modes: 
* h-part:(L,W,R)=(89.62709pt, 418.25368pt, 89.6271pt)
* v-part:(T,H,B)=(101.40665pt, 591.5302pt, 152.11pt)
* \paperwidth=597.50787pt
* \paperheight=845.04684pt
* \textwidth=418.25368pt
* \textheight=591.5302pt
* \oddsidemargin=17.3571pt
* \evensidemargin=17.3571pt
* \topmargin=-0.93083pt
* \headheight=12.0pt
* \headsep=18.06749pt
* \topskip=12.0pt
* \footskip=30.0pt
* \marginparwidth=35.0pt
* \marginparsep=10.0pt
* \columnsep=10.0pt
* \skip\footins=10.8pt plus 4.0pt minus 2.0pt
* \hoffset=0.0pt
* \voffset=0.0pt
* \mag=1000
* \@twocolumnfalse
* \@twosidefalse
* \@mparswitchfalse
* \@reversemarginfalse
* (1in=72.27pt=25.4mm, 1cm=28.453pt)

ABD: EveryShipout initializing macros
("C:\Users\thecs\AppData\Local\Programs\MiKTeX 2.9\tex/latex/translator\transla
tor-basic-dictionary-English.dict"
Dictionary: translator-basic-dictionary, Language: English 
)
("C:\Users\thecs\AppData\Local\Programs\MiKTeX 2.9\tex/latex/siunitx\siunitx-ab
breviations.cfg"
File: siunitx-abbreviations.cfg 2017/11/26 v2.7k siunitx: Abbreviated units
)
LaTeX Font Info:    Trying to load font information for U+msa on input line 7.

("C:\Users\thecs\AppData\Local\Programs\MiKTeX 2.9\tex/latex/amsfonts\umsa.fd"
File: umsa.fd 2013/01/14 v3.01 AMS symbols A
)
LaTeX Font Info:    Trying to load font information for U+msb on input line 7.
("C:\Users\thecs\AppData\Local\Programs\MiKTeX 2.9\tex/latex/amsfonts\umsb.fd"
File: umsb.fd 2013/01/14 v3.01 AMS symbols B
) (modelPredictions.tex) (definitionResults.tex
(../output/number_core_jobs423.tex)
(../output/relaxing_number_switches_alternative.tex)) (transitioningResults.tex
[1

{C:/Users/thecs/AppData/Local/MiKTeX/2.9/pdftex/config/pdftex.map}]
(../output/transition_timeline.tex

pdfTeX warning: pdflatex.exe (file ../output/transition_timeline.pdf): PDF incl
usion: found PDF version <1.6>, but at most version <1.5> allowed
<../output/transition_timeline.pdf, id=83, 397.485pt x 289.08pt>
File: ../output/transition_timeline.pdf Graphic file (type pdf)
<use ../output/transition_timeline.pdf>
Package pdftex.def Info: ../output/transition_timeline.pdf  used on input line 
3.
(pdftex.def)             Requested size: 418.25368pt x 304.19577pt.
) (../output/did_regression_analyticalIndex.tex
Overfull \hbox (11.69147pt too wide) in paragraph at lines 2--63
 [] 
 []

[2 <../output/transition_timeline.pdf>] [3]
Overfull \vbox (114.70453pt too high) has occurred while \output is active []


[4]) (../output/did_regression_manualIndex.tex
Overfull \hbox (11.69147pt too wide) in paragraph at lines 2--63
 [] 
 []

[5]
Overfull \vbox (114.70453pt too high) has occurred while \output is active []


[6]) (../output/did_regression_bmuseIndex.tex
Overfull \hbox (11.69147pt too wide) in paragraph at lines 2--63
 [] 
 []

[7]
Overfull \vbox (114.70453pt too high) has occurred while \output is active []


[8])) (skillUseAtBorder.tex (../output/skillRegressionsTable20Standardized.tex)
) (pooledRegressions.tex (../output/skillRegressionsTable20Full.tex [9]
[10]
Overfull \vbox (45.38889pt too high) has occurred while \output is active []


[11]) (../output/skillRegressionsTable20FullStandardized.tex
Overfull \vbox (25.09306pt too high) has occurred while \output is active []


[12]) (../output/skillRegressionsTable2Pooled.tex)) (triangleGraphs.tex
(../output/weightedTriangles.tex
<../output/densitySepDensityDum.pdf, id=155, 722.7pt x 722.7pt>
File: ../output/densitySepDensityDum.pdf Graphic file (type pdf)
<use ../output/densitySepDensityDum.pdf>
Package pdftex.def Info: ../output/densitySepDensityDum.pdf  used on input line
 3.
(pdftex.def)             Requested size: 209.12683pt x 209.1255pt.
<../output/densitySepDensityDumLFS1.pdf, id=156, 722.7pt x 722.7pt>
File: ../output/densitySepDensityDumLFS1.pdf Graphic file (type pdf)
<use ../output/densitySepDensityDumLFS1.pdf>
Package pdftex.def Info: ../output/densitySepDensityDumLFS1.pdf  used on input 
line 3.
(pdftex.def)             Requested size: 209.12683pt x 209.1255pt.
<../output/densitySepDensityDumSES1.pdf, id=157, 722.7pt x 722.7pt>
File: ../output/densitySepDensityDumSES1.pdf Graphic file (type pdf)
<use ../output/densitySepDensityDumSES1.pdf>
Package pdftex.def Info: ../output/densitySepDensityDumSES1.pdf  used on input 
line 3.
(pdftex.def)             Requested size: 209.12683pt x 209.1255pt.

Overfull \hbox (4.96062pt too wide) in paragraph at lines 3--3
[]\OT1/cmr/m/n/10 (c) |$[]$| 
 []

<../output/densitySepDensityDumdistSES1.pdf, id=158, 722.7pt x 722.7pt>
File: ../output/densitySepDensityDumdistSES1.pdf Graphic file (type pdf)
<use ../output/densitySepDensityDumdistSES1.pdf>
Package pdftex.def Info: ../output/densitySepDensityDumdistSES1.pdf  used on in
put line 3.
(pdftex.def)             Requested size: 209.12683pt x 209.1255pt.

Underfull \hbox (badness 10000) in paragraph at lines 3--4

 []


LaTeX Warning: `!h' float specifier changed to `!ht'.

) (../output/weightedTrianglesScatter.tex
<../output/densitySepScatterDum.pdf, id=159, 722.7pt x 722.7pt>
File: ../output/densitySepScatterDum.pdf Graphic file (type pdf)
<use ../output/densitySepScatterDum.pdf>
Package pdftex.def Info: ../output/densitySepScatterDum.pdf  used on input line
 3.
(pdftex.def)             Requested size: 209.12683pt x 209.1255pt.
<../output/densitySepScatterDumLFS1.pdf, id=160, 722.7pt x 722.7pt>
File: ../output/densitySepScatterDumLFS1.pdf Graphic file (type pdf)
<use ../output/densitySepScatterDumLFS1.pdf>
Package pdftex.def Info: ../output/densitySepScatterDumLFS1.pdf  used on input 
line 3.
(pdftex.def)             Requested size: 209.12683pt x 209.1255pt.
<../output/densitySepScatterDumSES1.pdf, id=161, 722.7pt x 722.7pt>
File: ../output/densitySepScatterDumSES1.pdf Graphic file (type pdf)
<use ../output/densitySepScatterDumSES1.pdf>
Package pdftex.def Info: ../output/densitySepScatterDumSES1.pdf  used on input 
line 3.
(pdftex.def)             Requested size: 209.12683pt x 209.1255pt.

Overfull \hbox (4.96062pt too wide) in paragraph at lines 3--3
[]\OT1/cmr/m/n/10 (c) |$[]$| 
 []

<../output/densitySepScatterDumdistSES1.pdf, id=162, 722.7pt x 722.7pt>
File: ../output/densitySepScatterDumdistSES1.pdf Graphic file (type pdf)
<use ../output/densitySepScatterDumdistSES1.pdf>
Package pdftex.def Info: ../output/densitySepScatterDumdistSES1.pdf  used on in
put line 3.
(pdftex.def)             Requested size: 209.12683pt x 209.1255pt.

Underfull \hbox (badness 10000) in paragraph at lines 3--4

 []


LaTeX Warning: `!h' float specifier changed to `!ht'.

) (../output/restricted_LM_border.tex
<../output/restricted_grLM_border_l.pdf, id=163, 722.7pt x 722.7pt>
File: ../output/restricted_grLM_border_l.pdf Graphic file (type pdf)
<use ../output/restricted_grLM_border_l.pdf>
Package pdftex.def Info: ../output/restricted_grLM_border_l.pdf  used on input 
line 3.
(pdftex.def)             Requested size: 209.12683pt x 209.1255pt.
<../output/restricted_grLM_border_m.pdf, id=164, 722.7pt x 722.7pt>
File: ../output/restricted_grLM_border_m.pdf Graphic file (type pdf)
<use ../output/restricted_grLM_border_m.pdf>
Package pdftex.def Info: ../output/restricted_grLM_border_m.pdf  used on input 
line 3.
(pdftex.def)             Requested size: 209.12683pt x 209.1255pt.
<../output/restricted_grMH_border_m.pdf, id=165, 722.7pt x 722.7pt>
File: ../output/restricted_grMH_border_m.pdf Graphic file (type pdf)
<use ../output/restricted_grMH_border_m.pdf>
Package pdftex.def Info: ../output/restricted_grMH_border_m.pdf  used on input 
line 3.
(pdftex.def)             Requested size: 209.12683pt x 209.1255pt.
<../output/restricted_grMH_border_h.pdf, id=166, 722.7pt x 722.7pt>
File: ../output/restricted_grMH_border_h.pdf Graphic file (type pdf)
<use ../output/restricted_grMH_border_h.pdf>
Package pdftex.def Info: ../output/restricted_grMH_border_h.pdf  used on input 
line 3.
(pdftex.def)             Requested size: 209.12683pt x 209.1255pt.

Underfull \hbox (badness 10000) in paragraph at lines 3--4

 []


Underfull \hbox (badness 10000) in paragraph at lines 4--4
[]\OT1/cmr/bx/n/8 Note: \OT1/cmr/m/n/8 graphs show oc-cu-pa-tion level av-er-ag
es. Ob-ser-va-tions weighted us-ing
 []


Underfull \hbox (badness 2744) in paragraph at lines 4--4
[]$ \OT1/cmr/m/n/8 Fig-ure gen-er-ated on 15 Jun 2020 at 16:04:17. Fig-ure
 []


LaTeX Warning: `!h' float specifier changed to `!ht'.

) (../output/restricted_LM_trans.tex
<../output/restricted_grLM_trans_l.pdf, id=167, 722.7pt x 722.7pt>
File: ../output/restricted_grLM_trans_l.pdf Graphic file (type pdf)
<use ../output/restricted_grLM_trans_l.pdf>
Package pdftex.def Info: ../output/restricted_grLM_trans_l.pdf  used on input l
ine 3.
(pdftex.def)             Requested size: 209.12683pt x 209.1255pt.
<../output/restricted_grLM_trans_m.pdf, id=168, 722.7pt x 722.7pt>
File: ../output/restricted_grLM_trans_m.pdf Graphic file (type pdf)
<use ../output/restricted_grLM_trans_m.pdf>
Package pdftex.def Info: ../output/restricted_grLM_trans_m.pdf  used on input l
ine 3.
(pdftex.def)             Requested size: 209.12683pt x 209.1255pt.
<../output/restricted_grMH_trans_m.pdf, id=169, 722.7pt x 722.7pt>
File: ../output/restricted_grMH_trans_m.pdf Graphic file (type pdf)
<use ../output/restricted_grMH_trans_m.pdf>
Package pdftex.def Info: ../output/restricted_grMH_trans_m.pdf  used on input l
ine 3.
(pdftex.def)             Requested size: 209.12683pt x 209.1255pt.
<../output/restricted_grMH_trans_h.pdf, id=170, 722.7pt x 722.7pt>
File: ../output/restricted_grMH_trans_h.pdf Graphic file (type pdf)
<use ../output/restricted_grMH_trans_h.pdf>
Package pdftex.def Info: ../output/restricted_grMH_trans_h.pdf  used on input l
ine 3.
(pdftex.def)             Requested size: 209.12683pt x 209.1255pt.

Underfull \hbox (badness 10000) in paragraph at lines 3--4

 []


Underfull \hbox (badness 10000) in paragraph at lines 4--4
[]\OT1/cmr/bx/n/8 Note: \OT1/cmr/m/n/8 graphs show oc-cu-pa-tion level av-er-ag
es. Ob-ser-va-tions weighted us-ing
 []


Underfull \hbox (badness 2744) in paragraph at lines 4--4
[]$ \OT1/cmr/m/n/8 Fig-ure gen-er-ated on 15 Jun 2020 at 16:04:17. Fig-ure
 []


LaTeX Warning: `!h' float specifier changed to `!ht'.

) [13] [14 <../output/densitySepDensityDum.pdf> <../output/densitySepDensityDum
LFS1.pdf> <../output/densitySepDensityDumSES1.pdf> <../output/densitySepDensity
DumdistSES1.pdf>] [15 <../output/densitySepScatterDum.pdf> <../output/densitySe
pScatterDumLFS1.pdf> <../output/densitySepScatterDumSES1.pdf> <../output/densit
ySepScatterDumdistSES1.pdf>] [16 <../output/restricted_grLM_border_l.pdf> <../o
utput/restricted_grLM_border_m.pdf> <../output/restricted_grMH_border_m.pdf> <.
./output/restricted_grMH_border_h.pdf>] [17 <../output/restricted_grLM_trans_l.
pdf> <../output/restricted_grLM_trans_m.pdf> <../output/restricted_grMH_trans_m
.pdf> <../output/restricted_grMH_trans_h.pdf>]) (avarageTables.tex
(../output/average_core_border_0.tex
Underfull \hbox (badness 2564) in paragraph at lines 27--28
[]\OT1/cmr/m/it/10 Note: \OT1/cmr/m/n/10 the ta-ble shows av-er-age skill use b
y job type.
 []


Underfull \hbox (badness 10000) in paragraph at lines 27--28
\OT1/cmr/m/n/10 Means are \OT1/cmr/bx/n/10 un-weighted\OT1/cmr/m/n/10 . Ta-ble 
gen-er-ated on 30
 []


Underfull \hbox (badness 3590) in paragraph at lines 27--28
\OT1/cmr/m/n/10 Jun 2020 at 14:19:38. Ta-ble gen-er-ated with do file
 []

) (../output/average_core_border_1.tex
Underfull \hbox (badness 1173) in paragraph at lines 27--28
\OT1/cmr/m/n/10 30 Jun 2020 at 14:19:40. Ta-ble gen-er-ated with do file
 []

[18

]) (../output/average_core_transitioning_0.tex
Underfull \hbox (badness 2564) in paragraph at lines 27--28
[]\OT1/cmr/m/it/10 Note: \OT1/cmr/m/n/10 the ta-ble shows av-er-age skill use b
y job type.
 []


Underfull \hbox (badness 10000) in paragraph at lines 27--28
\OT1/cmr/m/n/10 Means are \OT1/cmr/bx/n/10 un-weighted\OT1/cmr/m/n/10 . Ta-ble 
gen-er-ated on 30
 []


Underfull \hbox (badness 3590) in paragraph at lines 27--28
\OT1/cmr/m/n/10 Jun 2020 at 14:19:39. Ta-ble gen-er-ated with do file
 []

) (../output/average_core_transitioning_1.tex
Underfull \hbox (badness 1173) in paragraph at lines 27--28
\OT1/cmr/m/n/10 30 Jun 2020 at 14:19:40. Ta-ble gen-er-ated with do file
 []

[19])) (masons.tex (../output/occ_transitions_212.tex

pdfTeX warning: pdflatex.exe (file ../output/occ_transitions_5312_212.pdf): PDF
 inclusion: found PDF version <1.6>, but at most version <1.5> allowed
<../output/occ_transitions_5312_212.pdf, id=356, 397.485pt x 289.08pt>
File: ../output/occ_transitions_5312_212.pdf Graphic file (type pdf)
<use ../output/occ_transitions_5312_212.pdf>
Package pdftex.def Info: ../output/occ_transitions_5312_212.pdf  used on input 
line 5.
(pdftex.def)             Requested size: 418.25368pt x 304.19577pt.

LaTeX Warning: `!h' float specifier changed to `!ht'.

) (../output/occ_transitions_aggregated.tex

pdfTeX warning: pdflatex.exe (file ../output/occ_transitions_1202.pdf): PDF inc
lusion: found PDF version <1.6>, but at most version <1.5> allowed
<../output/occ_transitions_1202.pdf, id=357, 397.485pt x 289.08pt>
File: ../output/occ_transitions_1202.pdf Graphic file (type pdf)
<use ../output/occ_transitions_1202.pdf>
Package pdftex.def Info: ../output/occ_transitions_1202.pdf  used on input line
 4.
(pdftex.def)             Requested size: 418.25368pt x 304.19577pt.


pdfTeX warning: pdflatex.exe (file ../output/occ_transitions_2303.pdf): PDF inc
lusion: found PDF version <1.6>, but at most version <1.5> allowed
<../output/occ_transitions_2303.pdf, id=358, 397.485pt x 289.08pt>
File: ../output/occ_transitions_2303.pdf Graphic file (type pdf)
<use ../output/occ_transitions_2303.pdf>
Package pdftex.def Info: ../output/occ_transitions_2303.pdf  used on input line
 4.
(pdftex.def)             Requested size: 418.25368pt x 304.19577pt.

LaTeX Warning: Float too large for page by 123.88911pt on input line 6.


LaTeX Warning: `!h' float specifier changed to `!ht'.

) (../output/occ_transitions_112_1.tex

pdfTeX warning: pdflatex.exe (file ../output/occ_transitions_5419_112.pdf): PDF
 inclusion: found PDF version <1.6>, but at most version <1.5> allowed
<../output/occ_transitions_5419_112.pdf, id=359, 397.485pt x 289.08pt>
File: ../output/occ_transitions_5419_112.pdf Graphic file (type pdf)
<use ../output/occ_transitions_5419_112.pdf>
Package pdftex.def Info: ../output/occ_transitions_5419_112.pdf  used on input 
line 4.
(pdftex.def)             Requested size: 139.41576pt x 101.39565pt.


pdfTeX warning: pdflatex.exe (file ../output/occ_transitions_6231_112.pdf): PDF
 inclusion: found PDF version <1.6>, but at most version <1.5> allowed
<../output/occ_transitions_6231_112.pdf, id=360, 397.485pt x 289.08pt>
File: ../output/occ_transitions_6231_112.pdf Graphic file (type pdf)
<use ../output/occ_transitions_6231_112.pdf>
Package pdftex.def Info: ../output/occ_transitions_6231_112.pdf  used on input 
line 4.
(pdftex.def)             Requested size: 139.41576pt x 101.39565pt.


pdfTeX warning: pdflatex.exe (file ../output/occ_transitions_6232_112.pdf): PDF
 inclusion: found PDF version <1.6>, but at most version <1.5> allowed
<../output/occ_transitions_6232_112.pdf, id=361, 397.485pt x 289.08pt>
File: ../output/occ_transitions_6232_112.pdf Graphic file (type pdf)
<use ../output/occ_transitions_6232_112.pdf>
Package pdftex.def Info: ../output/occ_transitions_6232_112.pdf  used on input 
line 4.
(pdftex.def)             Requested size: 139.41576pt x 101.39565pt.


pdfTeX warning: pdflatex.exe (file ../output/occ_transitions_8113_112.pdf): PDF
 inclusion: found PDF version <1.6>, but at most version <1.5> allowed
<../output/occ_transitions_8113_112.pdf, id=362, 397.485pt x 289.08pt>
File: ../output/occ_transitions_8113_112.pdf Graphic file (type pdf)
<use ../output/occ_transitions_8113_112.pdf>
Package pdftex.def Info: ../output/occ_transitions_8113_112.pdf  used on input 
line 4.
(pdftex.def)             Requested size: 139.41576pt x 101.39565pt.


pdfTeX warning: pdflatex.exe (file ../output/occ_transitions_8116_112.pdf): PDF
 inclusion: found PDF version <1.6>, but at most version <1.5> allowed
<../output/occ_transitions_8116_112.pdf, id=363, 397.485pt x 289.08pt>
File: ../output/occ_transitions_8116_112.pdf Graphic file (type pdf)
<use ../output/occ_transitions_8116_112.pdf>
Package pdftex.def Info: ../output/occ_transitions_8116_112.pdf  used on input 
line 4.
(pdftex.def)             Requested size: 139.41576pt x 101.39565pt.


pdfTeX warning: pdflatex.exe (file ../output/occ_transitions_8117_112.pdf): PDF
 inclusion: found PDF version <1.6>, but at most version <1.5> allowed
<../output/occ_transitions_8117_112.pdf, id=364, 397.485pt x 289.08pt>
File: ../output/occ_transitions_8117_112.pdf Graphic file (type pdf)
<use ../output/occ_transitions_8117_112.pdf>
Package pdftex.def Info: ../output/occ_transitions_8117_112.pdf  used on input 
line 4.
(pdftex.def)             Requested size: 139.41576pt x 101.39565pt.


pdfTeX warning: pdflatex.exe (file ../output/occ_transitions_8131_112.pdf): PDF
 inclusion: found PDF version <1.6>, but at most version <1.5> allowed
<../output/occ_transitions_8131_112.pdf, id=365, 397.485pt x 289.08pt>
File: ../output/occ_transitions_8131_112.pdf Graphic file (type pdf)
<use ../output/occ_transitions_8131_112.pdf>
Package pdftex.def Info: ../output/occ_transitions_8131_112.pdf  used on input 
line 4.
(pdftex.def)             Requested size: 139.41576pt x 101.39565pt.


pdfTeX warning: pdflatex.exe (file ../output/occ_transitions_8211_112.pdf): PDF
 inclusion: found PDF version <1.6>, but at most version <1.5> allowed
<../output/occ_transitions_8211_112.pdf, id=366, 397.485pt x 289.08pt>
File: ../output/occ_transitions_8211_112.pdf Graphic file (type pdf)
<use ../output/occ_transitions_8211_112.pdf>
Package pdftex.def Info: ../output/occ_transitions_8211_112.pdf  used on input 
line 4.
(pdftex.def)             Requested size: 139.41576pt x 101.39565pt.


pdfTeX warning: pdflatex.exe (file ../output/occ_transitions_8213_112.pdf): PDF
 inclusion: found PDF version <1.6>, but at most version <1.5> allowed
<../output/occ_transitions_8213_112.pdf, id=367, 397.485pt x 289.08pt>
File: ../output/occ_transitions_8213_112.pdf Graphic file (type pdf)
<use ../output/occ_transitions_8213_112.pdf>
Package pdftex.def Info: ../output/occ_transitions_8213_112.pdf  used on input 
line 4.
(pdftex.def)             Requested size: 139.41576pt x 101.39565pt.


pdfTeX warning: pdflatex.exe (file ../output/occ_transitions_8214_112.pdf): PDF
 inclusion: found PDF version <1.6>, but at most version <1.5> allowed
<../output/occ_transitions_8214_112.pdf, id=368, 397.485pt x 289.08pt>
File: ../output/occ_transitions_8214_112.pdf Graphic file (type pdf)
<use ../output/occ_transitions_8214_112.pdf>
Package pdftex.def Info: ../output/occ_transitions_8214_112.pdf  used on input 
line 4.
(pdftex.def)             Requested size: 139.41576pt x 101.39565pt.


pdfTeX warning: pdflatex.exe (file ../output/occ_transitions_9111_112.pdf): PDF
 inclusion: found PDF version <1.6>, but at most version <1.5> allowed
<../output/occ_transitions_9111_112.pdf, id=369, 397.485pt x 289.08pt>
File: ../output/occ_transitions_9111_112.pdf Graphic file (type pdf)
<use ../output/occ_transitions_9111_112.pdf>
Package pdftex.def Info: ../output/occ_transitions_9111_112.pdf  used on input 
line 4.
(pdftex.def)             Requested size: 139.41576pt x 101.39565pt.


pdfTeX warning: pdflatex.exe (file ../output/occ_transitions_9121_112.pdf): PDF
 inclusion: found PDF version <1.6>, but at most version <1.5> allowed
<../output/occ_transitions_9121_112.pdf, id=370, 397.485pt x 289.08pt>
File: ../output/occ_transitions_9121_112.pdf Graphic file (type pdf)
<use ../output/occ_transitions_9121_112.pdf>
Package pdftex.def Info: ../output/occ_transitions_9121_112.pdf  used on input 
line 4.
(pdftex.def)             Requested size: 139.41576pt x 101.39565pt.

LaTeX Warning: `!h' float specifier changed to `!ht'.

) (../output/occ_transitions_112_2.tex

pdfTeX warning: pdflatex.exe (file ../output/occ_transitions_9132_112.pdf): PDF
 inclusion: found PDF version <1.6>, but at most version <1.5> allowed
<../output/occ_transitions_9132_112.pdf, id=371, 397.485pt x 289.08pt>
File: ../output/occ_transitions_9132_112.pdf Graphic file (type pdf)
<use ../output/occ_transitions_9132_112.pdf>
Package pdftex.def Info: ../output/occ_transitions_9132_112.pdf  used on input 
line 5.
(pdftex.def)             Requested size: 139.41576pt x 101.39565pt.


pdfTeX warning: pdflatex.exe (file ../output/occ_transitions_9141_112.pdf): PDF
 inclusion: found PDF version <1.6>, but at most version <1.5> allowed
<../output/occ_transitions_9141_112.pdf, id=372, 397.485pt x 289.08pt>
File: ../output/occ_transitions_9141_112.pdf Graphic file (type pdf)
<use ../output/occ_transitions_9141_112.pdf>
Package pdftex.def Info: ../output/occ_transitions_9141_112.pdf  used on input 
line 5.
(pdftex.def)             Requested size: 139.41576pt x 101.39565pt.


pdfTeX warning: pdflatex.exe (file ../output/occ_transitions_9149_112.pdf): PDF
 inclusion: found PDF version <1.6>, but at most version <1.5> allowed
<../output/occ_transitions_9149_112.pdf, id=373, 397.485pt x 289.08pt>
File: ../output/occ_transitions_9149_112.pdf Graphic file (type pdf)
<use ../output/occ_transitions_9149_112.pdf>
Package pdftex.def Info: ../output/occ_transitions_9149_112.pdf  used on input 
line 5.
(pdftex.def)             Requested size: 139.41576pt x 101.39565pt.


pdfTeX warning: pdflatex.exe (file ../output/occ_transitions_9223_112.pdf): PDF
 inclusion: found PDF version <1.6>, but at most version <1.5> allowed
<../output/occ_transitions_9223_112.pdf, id=374, 397.485pt x 289.08pt>
File: ../output/occ_transitions_9223_112.pdf Graphic file (type pdf)
<use ../output/occ_transitions_9223_112.pdf>
Package pdftex.def Info: ../output/occ_transitions_9223_112.pdf  used on input 
line 5.
(pdftex.def)             Requested size: 139.41576pt x 101.39565pt.


pdfTeX warning: pdflatex.exe (file ../output/occ_transitions_9224_112.pdf): PDF
 inclusion: found PDF version <1.6>, but at most version <1.5> allowed
<../output/occ_transitions_9224_112.pdf, id=375, 397.485pt x 289.08pt>
File: ../output/occ_transitions_9224_112.pdf Graphic file (type pdf)
<use ../output/occ_transitions_9224_112.pdf>
Package pdftex.def Info: ../output/occ_transitions_9224_112.pdf  used on input 
line 5.
(pdftex.def)             Requested size: 139.41576pt x 101.39565pt.


pdfTeX warning: pdflatex.exe (file ../output/occ_transitions_9235_112.pdf): PDF
 inclusion: found PDF version <1.6>, but at most version <1.5> allowed
<../output/occ_transitions_9235_112.pdf, id=376, 397.485pt x 289.08pt>
File: ../output/occ_transitions_9235_112.pdf Graphic file (type pdf)
<use ../output/occ_transitions_9235_112.pdf>
Package pdftex.def Info: ../output/occ_transitions_9235_112.pdf  used on input 
line 5.
(pdftex.def)             Requested size: 139.41576pt x 101.39565pt.


pdfTeX warning: pdflatex.exe (file ../output/occ_transitions_9244_112.pdf): PDF
 inclusion: found PDF version <1.6>, but at most version <1.5> allowed
<../output/occ_transitions_9244_112.pdf, id=377, 397.485pt x 289.08pt>
File: ../output/occ_transitions_9244_112.pdf Graphic file (type pdf)
<use ../output/occ_transitions_9244_112.pdf>
Package pdftex.def Info: ../output/occ_transitions_9244_112.pdf  used on input 
line 5.
(pdftex.def)             Requested size: 139.41576pt x 101.39565pt.


pdfTeX warning: pdflatex.exe (file ../output/occ_transitions_9251_112.pdf): PDF
 inclusion: found PDF version <1.6>, but at most version <1.5> allowed
<../output/occ_transitions_9251_112.pdf, id=378, 397.485pt x 289.08pt>
File: ../output/occ_transitions_9251_112.pdf Graphic file (type pdf)
<use ../output/occ_transitions_9251_112.pdf>
Package pdftex.def Info: ../output/occ_transitions_9251_112.pdf  used on input 
line 5.
(pdftex.def)             Requested size: 139.41576pt x 101.39565pt.

LaTeX Warning: `!h' float specifier changed to `!ht'.

) (../output/occ_transitions_2303.tex

pdfTeX warning: pdflatex.exe (file ../output/occ_transitions_1121_2303.pdf): PD
F inclusion: found PDF version <1.6>, but at most version <1.5> allowed
<../output/occ_transitions_1121_2303.pdf, id=379, 397.485pt x 289.08pt>
File: ../output/occ_transitions_1121_2303.pdf Graphic file (type pdf)
<use ../output/occ_transitions_1121_2303.pdf>
Package pdftex.def Info: ../output/occ_transitions_1121_2303.pdf  used on input
 line 4.
(pdftex.def)             Requested size: 209.12683pt x 152.09567pt.


pdfTeX warning: pdflatex.exe (file ../output/occ_transitions_3534_2303.pdf): PD
F inclusion: found PDF version <1.6>, but at most version <1.5> allowed
<../output/occ_transitions_3534_2303.pdf, id=380, 397.485pt x 289.08pt>
File: ../output/occ_transitions_3534_2303.pdf Graphic file (type pdf)
<use ../output/occ_transitions_3534_2303.pdf>
Package pdftex.def Info: ../output/occ_transitions_3534_2303.pdf  used on input
 line 4.
(pdftex.def)             Requested size: 209.12683pt x 152.09567pt.


pdfTeX warning: pdflatex.exe (file ../output/occ_transitions_3541_2303.pdf): PD
F inclusion: found PDF version <1.6>, but at most version <1.5> allowed
<../output/occ_transitions_3541_2303.pdf, id=381, 397.485pt x 289.08pt>
File: ../output/occ_transitions_3541_2303.pdf Graphic file (type pdf)
<use ../output/occ_transitions_3541_2303.pdf>
Package pdftex.def Info: ../output/occ_transitions_3541_2303.pdf  used on input
 line 4.
(pdftex.def)             Requested size: 209.12683pt x 152.09567pt.


pdfTeX warning: pdflatex.exe (file ../output/occ_transitions_3561_2303.pdf): PD
F inclusion: found PDF version <1.6>, but at most version <1.5> allowed
<../output/occ_transitions_3561_2303.pdf, id=382, 397.485pt x 289.08pt>
File: ../output/occ_transitions_3561_2303.pdf Graphic file (type pdf)
<use ../output/occ_transitions_3561_2303.pdf>
Package pdftex.def Info: ../output/occ_transitions_3561_2303.pdf  used on input
 line 4.
(pdftex.def)             Requested size: 209.12683pt x 152.09567pt.

LaTeX Warning: `!h' float specifier changed to `!ht'.

) (../output/brick_layer_zoomin.tex

pdfTeX warning: pdflatex.exe (file ../output/overall_young_share.pdf): PDF incl
usion: found PDF version <1.6>, but at most version <1.5> allowed
<../output/overall_young_share.pdf, id=383, 397.485pt x 289.08pt>
File: ../output/overall_young_share.pdf Graphic file (type pdf)
<use ../output/overall_young_share.pdf>
Package pdftex.def Info: ../output/overall_young_share.pdf  used on input line 
4.
(pdftex.def)             Requested size: 209.12683pt x 152.09567pt.


pdfTeX warning: pdflatex.exe (file ../output/low_educ_share.pdf): PDF inclusion
: found PDF version <1.6>, but at most version <1.5> allowed
<../output/low_educ_share.pdf, id=384, 397.485pt x 289.08pt>
File: ../output/low_educ_share.pdf Graphic file (type pdf)
<use ../output/low_educ_share.pdf>
Package pdftex.def Info: ../output/low_educ_share.pdf  used on input line 4.
(pdftex.def)             Requested size: 209.12683pt x 152.09567pt.


pdfTeX warning: pdflatex.exe (file ../output/mid_educ_share.pdf): PDF inclusion
: found PDF version <1.6>, but at most version <1.5> allowed
<../output/mid_educ_share.pdf, id=385, 397.485pt x 289.08pt>
File: ../output/mid_educ_share.pdf Graphic file (type pdf)
<use ../output/mid_educ_share.pdf>
Package pdftex.def Info: ../output/mid_educ_share.pdf  used on input line 4.
(pdftex.def)             Requested size: 209.12683pt x 152.09567pt.

LaTeX Warning: `!h' float specifier changed to `!ht'.

) [20] [21 <../output/occ_transitions_5312_212.pdf>] [22 <../output/occ_transit
ions_1202.pdf> <../output/occ_transitions_2303.pdf>] [23 <../output/occ_transit
ions_5419_112.pdf> <../output/occ_transitions_6231_112.pdf> <../output/occ_tran
sitions_6232_112.pdf> <../output/occ_transitions_8113_112.pdf> <../output/occ_t
ransitions_8116_112.pdf> <../output/occ_transitions_8117_112.pdf> <../output/oc
c_transitions_8131_112.pdf> <../output/occ_transitions_8211_112.pdf> <../output
/occ_transitions_8213_112.pdf> <../output/occ_transitions_8214_112.pdf> <../out
put/occ_transitions_9111_112.pdf> <../output/occ_transitions_9121_112.pdf>]
[24 <../output/occ_transitions_9132_112.pdf> <../output/occ_transitions_9141_11
2.pdf> <../output/occ_transitions_9149_112.pdf> <../output/occ_transitions_9223
_112.pdf> <../output/occ_transitions_9224_112.pdf> <../output/occ_transitions_9
235_112.pdf> <../output/occ_transitions_9244_112.pdf> <../output/occ_transition
s_9251_112.pdf>] [25 <../output/occ_transitions_1121_2303.pdf> <../output/occ_t
ransitions_3534_2303.pdf> <../output/occ_transitions_3541_2303.pdf> <../output/
occ_transitions_3561_2303.pdf>] [26 <../output/overall_young_share.pdf> <../out
put/low_educ_share.pdf> <../output/mid_educ_share.pdf>]) (otherGraphs.tex
(../output/routinePCUseComparisons.tex

pdfTeX warning: pdflatex.exe (file ../output/PCUseComparisons.pdf): PDF inclusi
on: found PDF version <1.6>, but at most version <1.5> allowed
<../output/PCUseComparisons.pdf, id=751, 397.485pt x 289.08pt>
File: ../output/PCUseComparisons.pdf Graphic file (type pdf)
<use ../output/PCUseComparisons.pdf>
Package pdftex.def Info: ../output/PCUseComparisons.pdf  used on input line 4.
(pdftex.def)             Requested size: 209.12683pt x 152.09567pt.


pdfTeX warning: pdflatex.exe (file ../output/routinePCUseComparisons.pdf): PDF 
inclusion: found PDF version <1.6>, but at most version <1.5> allowed
<../output/routinePCUseComparisons.pdf, id=752, 397.485pt x 289.08pt>
File: ../output/routinePCUseComparisons.pdf Graphic file (type pdf)
<use ../output/routinePCUseComparisons.pdf>
Package pdftex.def Info: ../output/routinePCUseComparisons.pdf  used on input l
ine 4.
(pdftex.def)             Requested size: 209.12683pt x 152.09567pt.


pdfTeX warning: pdflatex.exe (file ../output/occRankingComparison.pdf): PDF inc
lusion: found PDF version <1.6>, but at most version <1.5> allowed
<../output/occRankingComparison.pdf, id=753, 397.485pt x 289.08pt>
File: ../output/occRankingComparison.pdf Graphic file (type pdf)
<use ../output/occRankingComparison.pdf>
Package pdftex.def Info: ../output/occRankingComparison.pdf  used on input line
 4.
(pdftex.def)             Requested size: 209.12683pt x 152.09567pt.
)) [27

 <../output/PCUseComparisons.pdf> <../output/routinePCUseComparisons.pdf> <../o
utput/occRankingComparison.pdf>]
Package atveryend Info: Empty hook `BeforeClearDocument' on input line 27.
Package atveryend Info: Empty hook `AfterLastShipout' on input line 27.
 (commentsJan4.aux)
Package atveryend Info: Executing hook `AtVeryEndDocument' on input line 27.
Package atveryend Info: Executing hook `AtEndAfterFileList' on input line 27.
Package rerunfilecheck Info: File `commentsJan4.out' has not changed.
(rerunfilecheck)             Checksum: 4F4AA3B883D3010F164645398C71BCF1;486.


LaTeX Warning: There were multiply-defined labels.

Package atveryend Info: Empty hook `AtVeryVeryEnd' on input line 27.
 ) 
Here is how much of TeX's memory you used:
 28047 strings out of 480930
 589044 string characters out of 2899761
 975962 words of memory out of 3000000
 43094 multiletter control sequences out of 15000+200000
 544412 words of font info for 71 fonts, out of 3000000 for 9000
 1141 hyphenation exceptions out of 8191
 62i,13n,85p,1361b,893s stack positions out of 5000i,500n,10000p,200000b,50000s
 <C:\Users\thecs\AppData\Local\MiKTeX\2.9\fonts/pk/ljfour/jknappen/ec/dpi600\
tcrm1200.pk><C:/Users/thecs/AppData/Local/Programs/MiKTeX 2.9/fonts/type1/publi
c/amsfonts/cm/cmbx10.pfb><C:/Users/thecs/AppData/Local/Programs/MiKTeX 2.9/font
s/type1/public/amsfonts/cm/cmbx12.pfb><C:/Users/thecs/AppData/Local/Programs/Mi
KTeX 2.9/fonts/type1/public/amsfonts/cm/cmbx8.pfb><C:/Users/thecs/AppData/Local
/Programs/MiKTeX 2.9/fonts/type1/public/amsfonts/cm/cmmi10.pfb><C:/Users/thecs/
AppData/Local/Programs/MiKTeX 2.9/fonts/type1/public/amsfonts/cm/cmmi12.pfb><C:
/Users/thecs/AppData/Local/Programs/MiKTeX 2.9/fonts/type1/public/amsfonts/cm/c
mmi6.pfb><C:/Users/thecs/AppData/Local/Programs/MiKTeX 2.9/fonts/type1/public/a
msfonts/cm/cmmi7.pfb><C:/Users/thecs/AppData/Local/Programs/MiKTeX 2.9/fonts/ty
pe1/public/amsfonts/cm/cmmi8.pfb><C:/Users/thecs/AppData/Local/Programs/MiKTeX 
2.9/fonts/type1/public/amsfonts/cm/cmr10.pfb><C:/Users/thecs/AppData/Local/Prog
rams/MiKTeX 2.9/fonts/type1/public/amsfonts/cm/cmr12.pfb><C:/Users/thecs/AppDat
a/Local/Programs/MiKTeX 2.9/fonts/type1/public/amsfonts/cm/cmr6.pfb><C:/Users/t
hecs/AppData/Local/Programs/MiKTeX 2.9/fonts/type1/public/amsfonts/cm/cmr7.pfb>
<C:/Users/thecs/AppData/Local/Programs/MiKTeX 2.9/fonts/type1/public/amsfonts/c
m/cmr8.pfb><C:/Users/thecs/AppData/Local/Programs/MiKTeX 2.9/fonts/type1/public
/amsfonts/cm/cmsy10.pfb><C:/Users/thecs/AppData/Local/Programs/MiKTeX 2.9/fonts
/type1/public/amsfonts/cm/cmsy8.pfb><C:/Users/thecs/AppData/Local/Programs/MiKT
eX 2.9/fonts/type1/public/amsfonts/cm/cmti10.pfb><C:/Users/thecs/AppData/Local/
Programs/MiKTeX 2.9/fonts/type1/public/amsfonts/cm/cmti12.pfb><C:/Users/thecs/A
ppData/Local/Programs/MiKTeX 2.9/fonts/type1/public/amsfonts/cm/cmti7.pfb><C:/U
sers/thecs/AppData/Local/Programs/MiKTeX 2.9/fonts/type1/public/amsfonts/symbol
s/msam10.pfb>
Output written on commentsJan4.pdf (27 pages, 2974596 bytes).
PDF statistics:
 881 PDF objects out of 1000 (max. 8388607)
 111 named destinations out of 1000 (max. 500000)
 431 words of extra memory for PDF output out of 10000 (max. 10000000)

